TN:
SF:myAttempts/leetcode35.js
FN:1,(anonymous_0)
FNF:1
FNH:1
FNDA:7,(anonymous_0)
DA:1,1
DA:2,7
DA:4,7
DA:6,7
DA:7,2
DA:8,1
DA:10,1
DA:13,5
DA:14,1
DA:15,0
DA:17,1
DA:18,1
DA:20,0
DA:21,0
DA:25,4
DA:26,5
DA:28,5
DA:30,2
DA:32,3
DA:34,1
DA:36,2
DA:38,0
DA:40,2
DA:41,1
DA:42,1
DA:43,1
DA:47,1
DA:49,1
DA:52,1
DA:53,1
LF:30
LH:26
BRDA:6,0,0,2
BRDA:6,0,1,5
BRDA:7,1,0,1
BRDA:7,1,1,1
BRDA:13,2,0,1
BRDA:13,2,1,4
BRDA:14,3,0,0
BRDA:14,3,1,1
BRDA:17,4,0,1
BRDA:17,4,1,0
BRDA:17,5,0,1
BRDA:17,5,1,1
BRDA:20,6,0,0
BRDA:20,6,1,0
BRDA:28,7,0,2
BRDA:28,7,1,3
BRDA:32,8,0,1
BRDA:32,8,1,2
BRDA:36,9,0,0
BRDA:36,9,1,2
BRDA:40,10,0,1
BRDA:40,10,1,1
BRDA:42,11,0,1
BRDA:42,11,1,0
BRF:24
BRH:18
end_of_record
